Removed Parameter Current:350mA from Part IC?
Removed Parameter Datasheet:* from Part IC?
Removed Parameter Datasheet:http://ww1.microchip.com/downloads/en/DeviceDoc/25167B.pdf from Part IC?
Removed Parameter Datasheet:http://ww1.microchip.com/downloads/en/DeviceDoc/60001185C.pdf from Part IC?
Removed Parameter Datasheet:http://www.atmel.com/images/atmel-2486-8-bit-avr-microcontroller-atmega8_l_datasheet.pdf from Part IC?
Removed Parameter Datasheet:http://www.atmel.com/Images/doc8209.pdf from Part IC?
Removed Parameter Datasheet:http://www.fairchildsemi.com/ds/CD/CD4011BC.pdf from Part IC?
Removed Parameter Datasheet:http://www.farnell.com/datasheets/1669523.pdf from Part IC?
Removed Parameter Datasheet:http://www.farnell.com/datasheets/1712315.pdf from Part IC?
Removed Parameter Datasheet:http://www.farnell.com/datasheets/1719442.pdf from Part IC?
Removed Parameter Datasheet:http://www.farnell.com/datasheets/1786788.pdf from Part IC?
Removed Parameter Datasheet:http://www.farnell.com/datasheets/1866554.pdf from Part IC?
Removed Parameter Datasheet:http://www.farnell.com/datasheets/1883133.pdf from Part IC?
Removed Parameter Datasheet:http://www.farnell.com/datasheets/1886910.pdf from Part IC?
Removed Parameter Datasheet:http://www.ti.com/lit/ds/symlink/lm358.pdf from Part IC?
Removed Parameter Datasheet:http://www.ti.com/lit/ds/symlink/tl084a.pdf from Part IC?
Removed Parameter Documentation:http://www.farnell.com/datasheets/1780795.pdf from Part IC?
Removed Parameter Farnell:http://ro.farnell.com/texas-instruments/tl084cpwr/ic-op-amp-3mhz-13v-us-tssop-14/dp/2342305 from Part IC?
Removed Parameter Farnell RefNum:1207316 from Part IC?
Removed Parameter Farnell RefNum:1469449 from Part IC?
Removed Parameter Farnell RefNum:1685380 from Part IC?
Removed Parameter Farnell RefNum:1762652 from Part IC?
Removed Parameter Farnell RefNum:1771428 from Part IC?
Removed Parameter Farnell RefNum:1904028 from Part IC?
Removed Parameter Farnell RefNum:1904033 from Part IC?
Removed Parameter Farnell RefNum:1907102 from Part IC?
Removed Parameter Farnell RefNum:1907105 from Part IC?
Removed Parameter Farnell RefNum:1925045 from Part IC?
Removed Parameter Farnell RefNum:2068105 from Part IC?
Removed Parameter Farnell RefNum:2333371 from Part IC?
Removed Parameter Farnell RefNum:2333382 from Part IC?
Removed Parameter Farnell RefNum:2358137 from Part IC?
Removed Parameter Farnell RefNum:2373734 from Part IC?
Removed Parameter Farnell RefNum:2382343 from Part IC?
Removed Parameter Farnell RefNum:2393636 from Part IC?
Removed Parameter Farnell RefNum:2393661 from Part IC?
Removed Parameter Farnell RefNum:2400549 from Part IC?
Removed Parameter Farnell RefNum:2432085 from Part IC?
Removed Parameter Farnell RefNum:2456962 from Part IC?
Removed Parameter Farnell RefNum:2469549 from Part IC?
Removed Parameter Farnell RefNum:2473022 from Part IC?
Removed Parameter Farnell RefNum:2503283 from Part IC?
Removed Parameter Farnell RefNum:- from Part IC?
Removed Parameter Farnell RefNum:* from Part IC?
Removed Parameter Farnell RefNum:* from Part IC?
Removed Parameter Farnell RefNum:* from Part IC?
Removed Parameter Farnell RefNum:* from Part IC?
Removed Parameter Farnell RefNum:* from Part IC?
Removed Parameter Farnell RefNum:* from Part IC?
Removed Parameter Farnell RefNum:* from Part IC?
Removed Parameter Farnell RefNum:* from Part IC?
Removed Parameter Farnell RefNum:* from Part IC?
Removed Parameter Farnell RefNum:* from Part IC?
Removed Parameter Farnell RefNum:* from Part IC?
Removed Parameter Farnell RefNum:* from Part IC?
Removed Parameter Manufacturer Part Num:A43L2616BV-7F from Part IC?
Removed Parameter Manufacturer Part Num:AR1020T-I/SS from Part IC?
Removed Parameter Manufacturer Part Num:BISS0001 from Part IC?
Removed Parameter Manufacturer Part Num:KSZ8081MLXCA-TR from Part IC?
Removed Parameter Manufacturer Part Num:M25P16-VMN6P from Part U?
Removed Parameter Manufacturer Part Num:STF202-22T1G from Part IC?
Removed Parameter Manufacturer Part Num:STM8L151F3P6 from Part IC?
Removed Parameter Manufacturer Part Num:STM32F407VGT6 from Part IC?
Removed Parameter Manufacturer Part Num:TPA6211A1DGNG4 from Part IC?
Removed Parameter Manufacturer Part Num:TSC2046IPWG4 from Part IC?
Removed Parameter Name/Value:A43L4616AV from Part IC?
Removed Parameter Name/Value:BQ2057 from Part IC?
Removed Parameter Name/Value:ISL21010CFH333Z from Part IC?
Removed Parameter Name/Value:LM386 from Part IC?
Removed Parameter Name/Value:NCX2200GW from Part IC?
Removed Parameter Name/Value:PIR from Part IC?
Removed Parameter Name/Value:STM32F030R8 from Part IC?
Removed Parameter Name/Value:STM32F427ZI from Part IC?
Removed Parameter Name/Value:STM32F429ZI from Part IC?
Removed Parameter Name/Value:STM32F745ZE from Part IC?
Removed Parameter Name/Value:STM32L100R8T6 from Part IC?
Removed Parameter Name/Value:TDA7052 from Part IC?
Removed Parameter Name/Value:ZXCT1109SA-7 from Part IC?
Removed Parameter Name:AR1020 from Part IC?
Removed Parameter Name:BISS0001 from Part IC?
Removed Parameter Name:BR24G08 from Part IC?
Removed Parameter Name:DG409DY from Part IC?
Removed Parameter Name:* from Part IC?
Removed Parameter Name:* from Part IC?
Removed Parameter Name:* from Part IC?
Removed Parameter Name:LM2904 from Part IC?
Removed Parameter Name:NSI50150ADT4G from Part IC?
Removed Parameter Name:OPA2172 from Part IC?
Removed Parameter Name:PIC32MX430F064H from Part IC?
Removed Parameter Name:STM32F030 from Part IC?
Removed Parameter Name:STM32F042F6P6 from Part IC?
Removed Parameter Name:TJA1043 from Part IC?
Removed Parameter Name:TJA1055 from Part IC?
Removed Parameter Name:TL052 from Part IC?
Removed Parameter Name:TPA6211A1 from Part IC?
Removed Parameter Name:TPD4E001 from Part IC?
Removed Parameter Name:TPD4F003 from Part IC?
Removed Parameter Name:TS3A4751 from Part IC?
Removed Parameter Name:TSC2046 from Part IC?
Removed Parameter Name:ZLED7730 from Part IC?
Removed Parameter Name:ZXGD3005E6 from Part IC?
Removed Parameter Part Specification:Vin<60V Vout<60V Eff=98.5% from Part IC?
Removed Parameter Pin Count:64 from Part IC?
Removed Parameter RefDes:RefDes from Part U?
Removed Parameter Reference:http://www.farnell.com/datasheets/1794216.pdf from Part IC?
Removed Parameter Reference:http://www.ti.com/lit/ds/symlink/bq2000.pdf from Part IC?
Removed Parameter Temperature Range:–40°C to 125°C from Part IC?
Removed Parameter Type:DEV from Part U?
Removed Parameter Value:4043 from Part IC?
Removed Parameter Value:Attiny841 from Part IC?
Removed Parameter Value:BQ2000 from Part IC?
Removed Parameter Value:CD74HC4066 from Part IC?
Removed Parameter Value:DS90LV011A from Part IC?
Removed Parameter Value:DS90LV012A from Part IC?
Removed Parameter Value:FT234XD from Part IC?
Removed Parameter Value:LM2904 from Part IC?
Removed Parameter Value:TL084 from Part IC?
Removed Parameter Value:TPD4S012 from Part IC?
Removed Parameter Value:Value from Part U?
Added Parameter ComponentLink1Description=Datasheet to Part IC?
Added Parameter ComponentLink1Description=Datasheet to Part IC?
Added Parameter ComponentLink1Description=Datasheet to Part IC?
Added Parameter ComponentLink1Description=Datasheet to Part IC?
Added Parameter ComponentLink1Description=Datasheet to Part IC?
Added Parameter ComponentLink1Description=Datasheet to Part IC?
Added Parameter ComponentLink1Description=Datasheet to Part IC?
Added Parameter ComponentLink1Description=Datasheet to Part IC?
Added Parameter ComponentLink1Description=Datasheet to Part IC?
Added Parameter ComponentLink1Description=Datasheet to Part IC?
Added Parameter ComponentLink1Description=Datasheet to Part IC?
Added Parameter ComponentLink1Description=Datasheet to Part IC?
Added Parameter ComponentLink1Description=Datasheet to Part IC?
Added Parameter ComponentLink1Description=Datasheet to Part IC?
Added Parameter ComponentLink1Description=Datasheet to Part *
Added Parameter ComponentLink1Description=Datasheet to Part IC?
Added Parameter ComponentLink1Description=Datasheet to Part IC?
Added Parameter ComponentLink1Description=Datasheet to Part IC?
Added Parameter ComponentLink1Description=Datasheet to Part IC?
Added Parameter ComponentLink1Description=Datasheet to Part IC?
Added Parameter ComponentLink1Description=Datasheet to Part IC?
Added Parameter ComponentLink1Description=Datasheet to Part IC?
Added Parameter ComponentLink1Description=Datasheet to Part IC?
Added Parameter ComponentLink1Description=Datasheet to Part IC?
Added Parameter ComponentLink1Description=Datasheet to Part IC?
Added Parameter ComponentLink1Description=Datasheet to Part IC?
Added Parameter ComponentLink1Description=Datasheet to Part IC?
Added Parameter ComponentLink1Description=Datasheet to Part U?
Added Parameter ComponentLink1Description=Datasheet to Part IC?
Added Parameter ComponentLink1Description=Datasheet to Part IC?
Added Parameter ComponentLink1Description=Datasheet to Part IC?
Added Parameter ComponentLink1Description=Datasheet to Part IC?
Added Parameter ComponentLink1Description=Datasheet to Part IC?
Added Parameter ComponentLink1Description=Datasheet to Part IC?
Added Parameter ComponentLink1Description=Datasheet to Part IC?
Added Parameter ComponentLink1Description=Datasheet to Part U?
Added Parameter ComponentLink1Description=Datasheet to Part IC?
Added Parameter ComponentLink1Description=Datasheet to Part IC?
Added Parameter ComponentLink1Description=Datasheet to Part IC?
Added Parameter ComponentLink1Description=Datasheet to Part IC?
Added Parameter ComponentLink1Description=Datasheet to Part IC?
Added Parameter ComponentLink1Description=Datasheet to Part IC?
Added Parameter ComponentLink1Description=Datasheet to Part IC?
Added Parameter ComponentLink1Description=Datasheet to Part IC?
Added Parameter ComponentLink1Description=Datasheet to Part IC?
Added Parameter ComponentLink1Description=Datasheet to Part IC?
Added Parameter ComponentLink1Description=Datasheet to Part IC?
Added Parameter ComponentLink1Description=Datasheet to Part IC?
Added Parameter ComponentLink1Description=Datasheet to Part IC?
Added Parameter ComponentLink1Description=Datasheet to Part IC?
Added Parameter ComponentLink1Description=Datasheet to Part IC?
Added Parameter ComponentLink1Description=Datasheet to Part IC?
Added Parameter ComponentLink1Description=Datasheet to Part IC?
Added Parameter ComponentLink1Description=Datasheet to Part IC?
Added Parameter ComponentLink1Description=Datasheet to Part IC?
Added Parameter ComponentLink1Description=Datasheet to Part IC?
Added Parameter ComponentLink1Description=Datasheet to Part IC?
Added Parameter ComponentLink1Description=Datasheet to Part IC?
Added Parameter ComponentLink1Description=Datasheet to Part IC?
Added Parameter ComponentLink1Description=Datasheet to Part IC?
Added Parameter ComponentLink1Description=Datasheet to Part IC?
Added Parameter ComponentLink1Description=Datasheet to Part IC?
Added Parameter ComponentLink1Description=Datasheet to Part IC?
Added Parameter ComponentLink1Description=Datasheet to Part IC?
Added Parameter ComponentLink1URL=http://ww1.microchip.com/downloads/en/DeviceDoc/25167B.pdf to Part IC?
Added Parameter ComponentLink1URL=http://ww1.microchip.com/downloads/en/DeviceDoc/60001185C.pdf to Part IC?
Added Parameter ComponentLink1URL=http://www.atmel.com/images/atmel-2486-8-bit-avr-microcontroller-atmega8_l_datasheet.pdf to Part IC?
Added Parameter ComponentLink1URL=http://www.atmel.com/Images/doc8209.pdf to Part IC?
Added Parameter ComponentLink1URL=http://www.fairchildsemi.com/ds/CD/CD4011BC.pdf to Part IC?
Added Parameter ComponentLink1URL=http://www.farnell.com/datasheets/1669523.pdf to Part IC?
Added Parameter ComponentLink1URL=http://www.farnell.com/datasheets/1712315.pdf to Part IC?
Added Parameter ComponentLink1URL=http://www.farnell.com/datasheets/1719442.pdf to Part IC?
Added Parameter ComponentLink1URL=http://www.farnell.com/datasheets/1780795.pdf to Part IC?
Added Parameter ComponentLink1URL=http://www.farnell.com/datasheets/1786788.pdf to Part IC?
Added Parameter ComponentLink1URL=http://www.farnell.com/datasheets/1794216.pdf to Part IC?
Added Parameter ComponentLink1URL=http://www.farnell.com/datasheets/1866554.pdf to Part IC?
Added Parameter ComponentLink1URL=http://www.farnell.com/datasheets/1883133.pdf to Part IC?
Added Parameter ComponentLink1URL=http://www.farnell.com/datasheets/1886910.pdf to Part IC?
Added Parameter ComponentLink1URL=http://www.ti.com/lit/ds/symlink/bq2000.pdf to Part IC?
Added Parameter ComponentLink1URL=http://www.ti.com/lit/ds/symlink/lm358.pdf to Part IC?
Added Parameter ComponentLink1URL=http://www.ti.com/lit/ds/symlink/tl084a.pdf to Part IC?
Added Parameter Lotbarkeit RoHS=YES to Part IC?
Added Parameter Lotbarkeit RoHS=YES to Part IC?
Added Parameter Lotbarkeit RoHS=YES to Part IC?
Added Parameter Lotbarkeit RoHS=YES to Part IC?
Added Parameter Lotbarkeit RoHS=YES to Part IC?
Added Parameter Lotbarkeit RoHS=YES to Part IC?
Added Parameter Lotbarkeit RoHS=YES to Part IC?
Added Parameter Lotbarkeit RoHS=YES to Part IC?
Added Parameter Lotbarkeit RoHS=YES to Part IC?
Added Parameter Lotbarkeit RoHS=YES to Part IC?
Added Parameter Lotbarkeit RoHS=YES to Part IC?
Added Parameter Lotbarkeit RoHS=YES to Part IC?
Added Parameter Lotbarkeit RoHS=YES to Part IC?
Added Parameter Lotbarkeit RoHS=YES to Part IC?
Added Parameter Lotbarkeit RoHS=YES to Part *
Added Parameter Lotbarkeit RoHS=YES to Part IC?
Added Parameter Lotbarkeit RoHS=YES to Part IC?
Added Parameter Lotbarkeit RoHS=YES to Part IC?
Added Parameter Lotbarkeit RoHS=YES to Part IC?
Added Parameter Lotbarkeit RoHS=YES to Part IC?
Added Parameter Lotbarkeit RoHS=YES to Part IC?
Added Parameter Lotbarkeit RoHS=YES to Part IC?
Added Parameter Lotbarkeit RoHS=YES to Part IC?
Added Parameter Lotbarkeit RoHS=YES to Part IC?
Added Parameter Lotbarkeit RoHS=YES to Part IC?
Added Parameter Lotbarkeit RoHS=YES to Part IC?
Added Parameter Lotbarkeit RoHS=YES to Part IC?
Added Parameter Lotbarkeit RoHS=YES to Part U?
Added Parameter Lotbarkeit RoHS=YES to Part IC?
Added Parameter Lotbarkeit RoHS=YES to Part IC?
Added Parameter Lotbarkeit RoHS=YES to Part IC?
Added Parameter Lotbarkeit RoHS=YES to Part IC?
Added Parameter Lotbarkeit RoHS=YES to Part IC?
Added Parameter Lotbarkeit RoHS=YES to Part IC?
Added Parameter Lotbarkeit RoHS=YES to Part IC?
Added Parameter Lotbarkeit RoHS=YES to Part U?
Added Parameter Lotbarkeit RoHS=YES to Part IC?
Added Parameter Lotbarkeit RoHS=YES to Part IC?
Added Parameter Lotbarkeit RoHS=YES to Part IC?
Added Parameter Lotbarkeit RoHS=YES to Part IC?
Added Parameter Lotbarkeit RoHS=YES to Part IC?
Added Parameter Lotbarkeit RoHS=YES to Part IC?
Added Parameter Lotbarkeit RoHS=YES to Part IC?
Added Parameter Lotbarkeit RoHS=YES to Part IC?
Added Parameter Lotbarkeit RoHS=YES to Part IC?
Added Parameter Lotbarkeit RoHS=YES to Part IC?
Added Parameter Lotbarkeit RoHS=YES to Part IC?
Added Parameter Lotbarkeit RoHS=YES to Part IC?
Added Parameter Lotbarkeit RoHS=YES to Part IC?
Added Parameter Lotbarkeit RoHS=YES to Part IC?
Added Parameter Lotbarkeit RoHS=YES to Part IC?
Added Parameter Lotbarkeit RoHS=YES to Part IC?
Added Parameter Lotbarkeit RoHS=YES to Part IC?
Added Parameter Lotbarkeit RoHS=YES to Part IC?
Added Parameter Lotbarkeit RoHS=YES to Part IC?
Added Parameter Lotbarkeit RoHS=YES to Part IC?
Added Parameter Lotbarkeit RoHS=YES to Part IC?
Added Parameter Lotbarkeit RoHS=YES to Part IC?
Added Parameter Lotbarkeit RoHS=YES to Part IC?
Added Parameter Lotbarkeit RoHS=YES to Part IC?
Added Parameter Lotbarkeit RoHS=YES to Part IC?
Added Parameter Lotbarkeit RoHS=YES to Part IC?
Added Parameter Lotbarkeit RoHS=YES to Part IC?
Added Parameter Lotbarkeit RoHS=YES to Part IC?
Added Parameter Material RoHS=YES to Part IC?
Added Parameter Material RoHS=YES to Part IC?
Added Parameter Material RoHS=YES to Part IC?
Added Parameter Material RoHS=YES to Part IC?
Added Parameter Material RoHS=YES to Part IC?
Added Parameter Material RoHS=YES to Part IC?
Added Parameter Material RoHS=YES to Part IC?
Added Parameter Material RoHS=YES to Part IC?
Added Parameter Material RoHS=YES to Part IC?
Added Parameter Material RoHS=YES to Part IC?
Added Parameter Material RoHS=YES to Part IC?
Added Parameter Material RoHS=YES to Part IC?
Added Parameter Material RoHS=YES to Part IC?
Added Parameter Material RoHS=YES to Part IC?
Added Parameter Material RoHS=YES to Part *
Added Parameter Material RoHS=YES to Part IC?
Added Parameter Material RoHS=YES to Part IC?
Added Parameter Material RoHS=YES to Part IC?
Added Parameter Material RoHS=YES to Part IC?
Added Parameter Material RoHS=YES to Part IC?
Added Parameter Material RoHS=YES to Part IC?
Added Parameter Material RoHS=YES to Part IC?
Added Parameter Material RoHS=YES to Part IC?
Added Parameter Material RoHS=YES to Part IC?
Added Parameter Material RoHS=YES to Part IC?
Added Parameter Material RoHS=YES to Part IC?
Added Parameter Material RoHS=YES to Part IC?
Added Parameter Material RoHS=YES to Part U?
Added Parameter Material RoHS=YES to Part IC?
Added Parameter Material RoHS=YES to Part IC?
Added Parameter Material RoHS=YES to Part IC?
Added Parameter Material RoHS=YES to Part IC?
Added Parameter Material RoHS=YES to Part IC?
Added Parameter Material RoHS=YES to Part IC?
Added Parameter Material RoHS=YES to Part IC?
Added Parameter Material RoHS=YES to Part U?
Added Parameter Material RoHS=YES to Part IC?
Added Parameter Material RoHS=YES to Part IC?
Added Parameter Material RoHS=YES to Part IC?
Added Parameter Material RoHS=YES to Part IC?
Added Parameter Material RoHS=YES to Part IC?
Added Parameter Material RoHS=YES to Part IC?
Added Parameter Material RoHS=YES to Part IC?
Added Parameter Material RoHS=YES to Part IC?
Added Parameter Material RoHS=YES to Part IC?
Added Parameter Material RoHS=YES to Part IC?
Added Parameter Material RoHS=YES to Part IC?
Added Parameter Material RoHS=YES to Part IC?
Added Parameter Material RoHS=YES to Part IC?
Added Parameter Material RoHS=YES to Part IC?
Added Parameter Material RoHS=YES to Part IC?
Added Parameter Material RoHS=YES to Part IC?
Added Parameter Material RoHS=YES to Part IC?
Added Parameter Material RoHS=YES to Part IC?
Added Parameter Material RoHS=YES to Part IC?
Added Parameter Material RoHS=YES to Part IC?
Added Parameter Material RoHS=YES to Part IC?
Added Parameter Material RoHS=YES to Part IC?
Added Parameter Material RoHS=YES to Part IC?
Added Parameter Material RoHS=YES to Part IC?
Added Parameter Material RoHS=YES to Part IC?
Added Parameter Material RoHS=YES to Part IC?
Added Parameter Material RoHS=YES to Part IC?
Added Parameter Material RoHS=YES to Part IC?
Added Parameter Ordercode=4043 to Part IC?
Added Parameter Ordercode=A43L2616BV-7F to Part IC?
Added Parameter Ordercode=A43L4616AV to Part IC?
Added Parameter Ordercode=AR1020T-I/SS to Part IC?
Added Parameter Ordercode=Attiny841 to Part IC?
Added Parameter Ordercode=BISS0001 to Part IC?
Added Parameter Ordercode=BQ2000 to Part IC?
Added Parameter Ordercode=BQ2057 to Part IC?
Added Parameter Ordercode=BR24G08 to Part IC?
Added Parameter Ordercode=CD74HC4066 to Part IC?
Added Parameter Ordercode=DG409DY to Part IC?
Added Parameter Ordercode=DS90LV011A to Part IC?
Added Parameter Ordercode=DS90LV012A to Part IC?
Added Parameter Ordercode=FT234XD to Part IC?
Added Parameter Ordercode=ISL21010CFH333Z to Part IC?
Added Parameter Ordercode=KSZ8081MLXCA-TR to Part IC?
Added Parameter Ordercode=LM386 to Part IC?
Added Parameter Ordercode=LM2904 to Part IC?
Added Parameter Ordercode=M25P16-VMN6P to Part U?
Added Parameter Ordercode=NCX2200GW to Part IC?
Added Parameter Ordercode=NSI50150ADT4G to Part IC?
Added Parameter Ordercode=OPA2172 to Part IC?
Added Parameter Ordercode=PIC32MX430F064H to Part IC?
Added Parameter Ordercode=PIR to Part IC?
Added Parameter Ordercode=STF202-22T1G to Part IC?
Added Parameter Ordercode=STM8L151F3P6 to Part IC?
Added Parameter Ordercode=STM32F030R8 to Part IC?
Added Parameter Ordercode=STM32F030 to Part IC?
Added Parameter Ordercode=STM32F042F6P6 to Part IC?
Added Parameter Ordercode=STM32F407VGT6 to Part IC?
Added Parameter Ordercode=STM32F427ZI to Part IC?
Added Parameter Ordercode=STM32F429ZI to Part IC?
Added Parameter Ordercode=STM32F745ZE to Part IC?
Added Parameter Ordercode=STM32L100R8T6 to Part IC?
Added Parameter Ordercode=TDA7052 to Part IC?
Added Parameter Ordercode=TJA1043 to Part IC?
Added Parameter Ordercode=TJA1055 to Part IC?
Added Parameter Ordercode=TL052 to Part IC?
Added Parameter Ordercode=TL084 to Part IC?
Added Parameter Ordercode= to Part IC?
Added Parameter Ordercode=TPA6211A1DGNG4 to Part IC?
Added Parameter Ordercode=TPD4E001 to Part IC?
Added Parameter Ordercode=TPD4F003 to Part IC?
Added Parameter Ordercode=TPD4S012 to Part IC?
Added Parameter Ordercode=TS3A4751 to Part IC?
Added Parameter Ordercode=TSC2046IPWG4 to Part IC?
Added Parameter Ordercode=ZLED7730 to Part IC?
Added Parameter Ordercode=ZXCT1109SA-7 to Part IC?
Added Parameter Ordercode=ZXGD3005E6 to Part IC?
